<?xml version="1.0" encoding="UTF-8"?>
<testng-results ignored="0" total="0" passed="0" failed="0" skipped="0">
  <reporter-output>
  </reporter-output>
  <suite started-at="2021-03-22T21:44:45 EDT" name="AmazonTestSuite" finished-at="2021-03-22T21:44:45 EDT" duration-ms="15">
    <groups>
    </groups>
    <test started-at="2021-03-22T21:44:45 EDT" name="Amazon HomePage Test Script " finished-at="2021-03-22T21:44:45 EDT" duration-ms="15">
    </test> <!-- Amazon HomePage Test Script  -->
  </suite> <!-- AmazonTestSuite -->
</testng-results>
